[00:32:16] [ServerMain/INFO]: Environment: Environment[sessionHost=https://sessionserver.mojang.com, servicesHost=https://api.minecraftservices.com, name=PROD]
[00:32:20] [ServerMain/INFO]: Loaded 1174 recipes
[00:32:21] [ServerMain/INFO]: Loaded 1271 advancements
[00:32:23] [Server thread/INFO]: Starting minecraft server version 1.20.4
[00:32:23] [Server thread/INFO]: Loading properties
[00:32:23] [Server thread/INFO]: This server is running Paper version git-Paper-497 (MC: 1.20.4) (Implementing API version 1.20.4-R0.1-SNAPSHOT) (Git: d8d54d9 on ver/1.20.4)
[00:32:25] [Server thread/INFO]: Server Ping Player Sample Count: 12
[00:32:25] [Server thread/INFO]: Using 4 threads for Netty based IO
[00:32:26] [Server thread/WARN]: [!] The timings profiler has been enabled but has been scheduled for removal from Paper in the future.
    We recommend installing the spark profiler as a replacement: https://spark.lucko.me/
    For more information please visit: https://github.com/PaperMC/Paper/issues/8948
[00:32:26] [Server thread/INFO]: [ChunkTaskScheduler] Chunk system is using 1 I/O threads, 1 worker threads, and gen parallelism of 1 threads
[00:32:27] [Server thread/INFO]: Default game type: SURVIVAL
[00:32:27] [Server thread/INFO]: Generating keypair
[00:32:27] [Server thread/INFO]: Starting Minecraft server on *:25565
[00:32:27] [Server thread/INFO]: Using epoll channel type
[00:32:27] [Server thread/INFO]: Paper: Using libdeflate (Linux x86_64) compression from Velocity.
[00:32:27] [Server thread/INFO]: Paper: Using OpenSSL 3.0.x (Linux x86_64) cipher from Velocity.
[00:32:27] [Server thread/WARN]: [org.bukkit.craftbukkit.v1_20_R3.legacy.CraftLegacy] Initializing Legacy Material Support. Unless you have legacy plugins and/or data this is a bug!
[00:32:34] [Server thread/WARN]: Legacy plugin TwoWorlds v1.0 does not specify an api-version.
[00:32:34] [Server thread/INFO]: [Multiverse-Core] Loading server plugin Multiverse-Core v4.3.1-b861
[00:32:34] [Server thread/INFO]: [TwoWorlds] Loading server plugin TwoWorlds v1.0
[00:32:34] [Server thread/INFO]: [Multiverse-NetherPortals] Loading server plugin Multiverse-NetherPortals v4.2.3
[00:32:34] [Server thread/INFO]: [Multiverse-Inventories] Loading server plugin Multiverse-Inventories v4.2.6
[00:32:34] [Server thread/INFO]: [Citizens] Loading server plugin Citizens v2.0.33-SNAPSHOT (build 3395)
[00:32:34] [Server thread/INFO]: Server permissions file permissions.yml is empty, ignoring it
[00:32:34] [Server thread/WARN]: **** SERVER IS RUNNING IN OFFLINE/INSECURE MODE!
[00:32:34] [Server thread/WARN]: The server will make no attempt to authenticate usernames. Beware.
[00:32:34] [Server thread/WARN]: While this makes the game possible to play without internet access, it also opens up the ability for hackers to connect with any username they choose.
[00:32:34] [Server thread/WARN]: To change this, set "online-mode" to "true" in the server.properties file.
[00:32:34] [Server thread/INFO]: Preparing level "world"
[00:32:35] [Server thread/INFO]: Preparing start region for dimension minecraft:overworld
[00:32:35] [Server thread/INFO]: Time elapsed: 450 ms
[00:32:35] [Server thread/INFO]: Preparing start region for dimension minecraft:the_nether
[00:32:37] [Server thread/INFO]: Time elapsed: 2008 ms
[00:32:37] [Server thread/INFO]: Preparing start region for dimension minecraft:the_end
[00:32:37] [Server thread/INFO]: Time elapsed: 132 ms
[00:32:37] [Server thread/INFO]: [Multiverse-Core] Enabling Multiverse-Core v4.3.1-b861
[00:32:37] [Server thread/WARN]: [Multiverse-Core] "Multiverse-Core v4.3.1-b861" has registered a listener for org.bukkit.event.entity.EntityCreatePortalEvent on method "public void com.onarandombox.MultiverseCore.listeners.MVPortalListener.entityPortalCreate(org.bukkit.event.entity.EntityCreatePortalEvent)", but the event is Deprecated. "Server performance will be affected"; please notify the authors [dumptruckman, Rigby, fernferret, lithium3141, main--].
[00:32:37] [Server thread/INFO]: [Multiverse-Core] §aWe are aware of the warning about the deprecated event. There is no alternative that allows us to do what we need to do and performance impact is negligible. It is safe to ignore.
[00:32:38] [Server thread/INFO]: [Multiverse-Core] 3 - World(s) loaded.
[00:32:38] [Server thread/INFO]: [Multiverse-Core] Version 4.3.1-b861 (API v24) Enabled - By dumptruckman, Rigby, fernferret, lithium3141 and main--
[00:32:38] [Server thread/INFO]: [TwoWorlds] Enabling TwoWorlds v1.0*
[00:32:38] [Server thread/INFO]: 
[00:32:38] [Server thread/INFO]:                    ░▒▓████████▓▒░▒▓█▓▒░░▒▓█▓▒░░▒▓█▓▒░░▒▓██████▓▒░                      
[00:32:38] [Server thread/INFO]:                       ░▒▓█▓▒░   ░▒▓█▓▒░░▒▓█▓▒░░▒▓█▓▒░▒▓█▓▒░░▒▓█▓▒░                     
[00:32:38] [Server thread/INFO]:                       ░▒▓█▓▒░   ░▒▓█▓▒░░▒▓█▓▒░░▒▓█▓▒░▒▓█▓▒░░▒▓█▓▒░                     
[00:32:38] [Server thread/INFO]:                       ░▒▓█▓▒░   ░▒▓█▓▒░░▒▓█▓▒░░▒▓█▓▒░▒▓█▓▒░░▒▓█▓▒░                     
[00:32:38] [Server thread/INFO]:                       ░▒▓█▓▒░   ░▒▓█▓▒░░▒▓█▓▒░░▒▓█▓▒░▒▓█▓▒░░▒▓█▓▒░                     
[00:32:38] [Server thread/INFO]:                       ░▒▓█▓▒░   ░▒▓█▓▒░░▒▓█▓▒░░▒▓█▓▒░▒▓█▓▒░░▒▓█▓▒░                     
[00:32:38] [Server thread/INFO]:                       ░▒▓█▓▒░    ░▒▓█████████████▓▒░ ░▒▓██████▓▒░                      
[00:32:38] [Server thread/INFO]:                                  Enabling Two Worlds                                   
[00:32:38] [Server thread/INFO]: ███████████████████████████████████████████████████████████████████████████████████████
[00:32:38] [Server thread/INFO]:                               Made with ♥ by LilBroCodes                               
[00:32:38] [Server thread/INFO]: ░▒▓█▓▒░░▒▓█▓▒░░▒▓█▓▒░░▒▓██████▓▒░░▒▓███████▓▒░░▒▓█▓▒░      ░▒▓███████▓▒░ ░▒▓███████▓▒░ 
[00:32:38] [Server thread/INFO]: ░▒▓█▓▒░░▒▓█▓▒░░▒▓█▓▒░▒▓█▓▒░░▒▓█▓▒░▒▓█▓▒░░▒▓█▓▒░▒▓█▓▒░      ░▒▓█▓▒░░▒▓█▓▒░▒▓█▓▒░        
[00:32:38] [Server thread/INFO]: ░▒▓█▓▒░░▒▓█▓▒░░▒▓█▓▒░▒▓█▓▒░░▒▓█▓▒░▒▓█▓▒░░▒▓█▓▒░▒▓█▓▒░      ░▒▓█▓▒░░▒▓█▓▒░▒▓█▓▒░        
[00:32:38] [Server thread/INFO]: ░▒▓█▓▒░░▒▓█▓▒░░▒▓█▓▒░▒▓█▓▒░░▒▓█▓▒░▒▓███████▓▒░░▒▓█▓▒░      ░▒▓█▓▒░░▒▓█▓▒░░▒▓██████▓▒░  
[00:32:38] [Server thread/INFO]: ░▒▓█▓▒░░▒▓█▓▒░░▒▓█▓▒░▒▓█▓▒░░▒▓█▓▒░▒▓█▓▒░░▒▓█▓▒░▒▓█▓▒░      ░▒▓█▓▒░░▒▓█▓▒░      ░▒▓█▓▒░ 
[00:32:38] [Server thread/INFO]: ░▒▓█▓▒░░▒▓█▓▒░░▒▓█▓▒░▒▓█▓▒░░▒▓█▓▒░▒▓█▓▒░░▒▓█▓▒░▒▓█▓▒░      ░▒▓█▓▒░░▒▓█▓▒░      ░▒▓█▓▒░ 
[00:32:38] [Server thread/INFO]:  ░▒▓█████████████▓▒░ ░▒▓██████▓▒░░▒▓█▓▒░░▒▓█▓▒░▒▓████████▓▒░▒▓███████▓▒░░▒▓███████▓▒░  
[00:32:38] [Server thread/INFO]: 
[00:32:38] [Server thread/INFO]: [Multiverse-NetherPortals] Enabling Multiverse-NetherPortals v4.2.3
[00:32:38] [Server thread/INFO]: [Multiverse-NetherPortals 4.2.3]  Enabled - By Rigby and fernferret
[00:32:38] [Server thread/INFO]: [Multiverse-Inventories] Enabling Multiverse-Inventories v4.2.6
[00:32:38] [Server thread/INFO]: [Multiverse-Inventories 4.2.6] enabled.
[00:32:38] [Server thread/INFO]: [Citizens] Enabling Citizens v2.0.33-SNAPSHOT (build 3395)
[00:32:38] [Server thread/INFO]: [Citizens] Loading external libraries
[00:32:40] [Server thread/INFO]: [Citizens] Loaded 0 templates.
[00:32:41] [Server thread/INFO]: Running delayed init tasks
[00:32:41] [Server thread/INFO]: [Multiverse-Inventories] First run!
[00:32:41] [Server thread/INFO]: [Citizens] Loaded 1 NPCs.
[00:32:42] [Server thread/INFO]: Done (18.606s)! For help, type "help"
[00:32:42] [Server thread/INFO]: Timings Reset
[00:33:30] [Server thread/INFO]: Stopping server
[00:33:30] [Server thread/INFO]: [Citizens] Disabling Citizens v2.0.33-SNAPSHOT (build 3395)
[00:33:30] [Server thread/INFO]: [Multiverse-Inventories] Disabling Multiverse-Inventories v4.2.6
[00:33:30] [Server thread/INFO]: [Multiverse-NetherPortals] Disabling Multiverse-NetherPortals v4.2.3
[00:33:30] [Server thread/INFO]: [Multiverse-NetherPortals] - Disabled
[00:33:30] [Server thread/INFO]: [TwoWorlds] Disabling TwoWorlds v1.0
[00:33:30] [Server thread/INFO]: [Multiverse-Core] Disabling Multiverse-Core v4.3.1-b861
[00:33:30] [Server thread/INFO]: Saving players
[00:33:30] [Server thread/INFO]: Saving worlds
[00:33:30] [Server thread/INFO]: Saving chunks for level 'ServerLevel[world]'/minecraft:overworld
[00:33:30] [Server thread/INFO]: [ChunkHolderManager] Waiting 60s for chunk system to halt for world 'world'
[00:33:30] [Server thread/INFO]: [ChunkHolderManager] Halted chunk system for world 'world'
[00:33:30] [Server thread/INFO]: [ChunkHolderManager] Saving all chunkholders for world 'world'
[00:33:32] [Server thread/INFO]: [ChunkHolderManager] Saved 529 block chunks, 529 entity chunks, 0 poi chunks in world 'world' in 1.67s
[00:33:32] [Server thread/INFO]: ThreadedAnvilChunkStorage (world): All chunks are saved
[00:33:32] [Server thread/INFO]: Saving chunks for level 'ServerLevel[world_nether]'/minecraft:the_nether
[00:33:32] [Server thread/INFO]: [ChunkHolderManager] Waiting 60s for chunk system to halt for world 'world_nether'
[00:33:32] [Server thread/INFO]: [ChunkHolderManager] Halted chunk system for world 'world_nether'
[00:33:32] [Server thread/INFO]: [ChunkHolderManager] Saving all chunkholders for world 'world_nether'
[00:33:33] [Server thread/INFO]: [ChunkHolderManager] Saved 529 block chunks, 529 entity chunks, 0 poi chunks in world 'world_nether' in 0.63s
[00:33:33] [Server thread/INFO]: ThreadedAnvilChunkStorage (DIM-1): All chunks are saved
[00:33:33] [Server thread/INFO]: Saving chunks for level 'ServerLevel[world_the_end]'/minecraft:the_end
[00:33:33] [Server thread/INFO]: [ChunkHolderManager] Waiting 60s for chunk system to halt for world 'world_the_end'
[00:33:33] [Server thread/INFO]: [ChunkHolderManager] Halted chunk system for world 'world_the_end'
[00:33:33] [Server thread/INFO]: [ChunkHolderManager] Saving all chunkholders for world 'world_the_end'
[00:33:33] [Server thread/INFO]: [ChunkHolderManager] Saved 529 block chunks, 529 entity chunks, 0 poi chunks in world 'world_the_end' in 0.18s
[00:33:33] [Server thread/INFO]: ThreadedAnvilChunkStorage (DIM1): All chunks are saved
[00:33:33] [Server thread/INFO]: ThreadedAnvilChunkStorage: All dimensions are saved
[00:33:33] [Server thread/INFO]: Flushing Chunk IO
[00:33:33] [Server thread/INFO]: Closing Thread Pool
[00:33:33] [Server thread/INFO]: Closing Server
